#
# There is insufficient memory for the Java Runtime Environment to continue.
# Native memory allocation (malloc) failed to allocate 1132736 bytes for Chunk::new
# Possible reasons:
#   The system is out of physical RAM or swap space
#   The process is running with CompressedOops enabled, and the Java Heap may be blocking the growth of the native heap
# Possible solutions:
#   Reduce memory load on the system
#   Increase physical memory or swap space
#   Check if swap backing store is full
#   Decrease Java heap size (-Xmx/-Xms)
#   Decrease number of Java threads
#   Decrease Java thread stack sizes (-Xss)
#   Set larger code cache with -XX:ReservedCodeCacheSize=
#   JVM is running with Zero Based Compressed Oops mode in which the Java heap is
#     placed in the first 32GB address space. The Java Heap base address is the
#     maximum limit for the native heap growth. Please use -XX:HeapBaseMinAddress
#     to set the Java Heap base and to place the Java Heap above 32GB virtual address.
# This output file may be truncated or incomplete.
#
#  Out of Memory Error (allocation.cpp:390), pid=16404, tid=0x0000000000005558
#
# JRE version: Java(TM) SE Runtime Environment (8.0_201-b09) (build 1.8.0_201-b09)
# Java VM: Java HotSpot(TM) 64-Bit Server VM (25.201-b09 mixed mode windows-amd64 compressed oops)
# Failed to write core dump. Minidumps are not enabled by default on client versions of Windows
#

---------------  T H R E A D  ---------------

Current thread (0x000000001c0c9000):  JavaThread "C2 CompilerThread1" daemon [_thread_in_native, id=21848, stack(0x000000001d830000,0x000000001d930000)]

Stack: [0x000000001d830000,0x000000001d930000]
[error occurred during error reporting (printing stack bounds), id 0xc0000005]

Native frames: (J=compiled Java code, j=interpreted, Vv=VM code, C=native code)


Current CompileTask:
C2:  11029 4263       4       org.springframework.core.annotation.TypeMappedAnnotations::get (52 bytes)


---------------  P R O C E S S  ---------------

Java Threads: ( => current thread )
  0x0000000024684800 JavaThread "http-nio-8666-Acceptor" daemon [_thread_in_native, id=9756, stack(0x0000000028370000,0x0000000028470000)]
  0x000000002467a800 JavaThread "http-nio-8666-Poller" daemon [_thread_in_native, id=15904, stack(0x0000000028270000,0x0000000028370000)]
  0x0000000024681800 JavaThread "http-nio-8666-exec-10" daemon [_thread_blocked, id=19644, stack(0x0000000028170000,0x0000000028270000)]
  0x0000000024680800 JavaThread "http-nio-8666-exec-9" daemon [_thread_blocked, id=20884, stack(0x0000000028070000,0x0000000028170000)]
  0x0000000024680000 JavaThread "http-nio-8666-exec-8" daemon [_thread_blocked, id=24172, stack(0x0000000027f70000,0x0000000028070000)]
  0x000000002467e800 JavaThread "http-nio-8666-exec-7" daemon [_thread_blocked, id=11588, stack(0x0000000027e70000,0x0000000027f70000)]
  0x000000002467c000 JavaThread "http-nio-8666-exec-6" daemon [_thread_blocked, id=12240, stack(0x0000000027d70000,0x0000000027e70000)]
  0x000000002467d000 JavaThread "http-nio-8666-exec-5" daemon [_thread_blocked, id=15484, stack(0x0000000027c70000,0x0000000027d70000)]
  0x000000002467b800 JavaThread "http-nio-8666-exec-4" daemon [_thread_blocked, id=24072, stack(0x0000000027b70000,0x0000000027c70000)]
  0x000000002467f000 JavaThread "http-nio-8666-exec-3" daemon [_thread_blocked, id=23352, stack(0x0000000027a70000,0x0000000027b70000)]
  0x000000002467d800 JavaThread "http-nio-8666-exec-2" daemon [_thread_blocked, id=13336, stack(0x0000000027970000,0x0000000027a70000)]
  0x0000000021451000 JavaThread "http-nio-8666-exec-1" daemon [_thread_blocked, id=14836, stack(0x0000000027220000,0x0000000027320000)]
  0x0000000021455800 JavaThread "Live Reload Server" daemon [_thread_in_native, id=9152, stack(0x0000000027520000,0x0000000027620000)]
  0x0000000021452800 JavaThread "File Watcher" daemon [_thread_blocked, id=22732, stack(0x0000000027120000,0x0000000027220000)]
  0x0000000021457800 JavaThread "HikariPool-1 connection adder" daemon [_thread_blocked, id=2240, stack(0x0000000025f10000,0x0000000026010000)]
  0x0000000021455000 JavaThread "HikariPool-1 housekeeper" daemon [_thread_blocked, id=8392, stack(0x0000000025e10000,0x0000000025f10000)]
  0x0000000021453800 JavaThread "mysql-cj-abandoned-connection-cleanup" daemon [_thread_blocked, id=20084, stack(0x0000000025b10000,0x0000000025c10000)]
  0x0000000021454000 JavaThread "container-0" [_thread_blocked, id=19772, stack(0x0000000025a10000,0x0000000025b10000)]
  0x0000000021450800 JavaThread "Catalina-utility-2" [_thread_blocked, id=19736, stack(0x0000000020980000,0x0000000020a80000)]
  0x0000000021456800 JavaThread "Catalina-utility-1" [_thread_blocked, id=18400, stack(0x0000000020280000,0x0000000020380000)]
  0x000000001e741800 JavaThread "restartedMain" [_thread_in_Java, id=23448, stack(0x000000001fa40000,0x000000001fb40000)]
  0x000000001e98f000 JavaThread "Thread-0" [_thread_blocked, id=12000, stack(0x000000001f940000,0x000000001fa40000)]
  0x000000001da68800 JavaThread "Service Thread" daemon [_thread_blocked, id=17844, stack(0x000000001de30000,0x000000001df30000)]
  0x000000001c0cf000 JavaThread "C1 CompilerThread2" daemon [_thread_blocked, id=12816, stack(0x000000001d930000,0x000000001da30000)]
=>0x000000001c0c9000 JavaThread "C2 CompilerThread1" daemon [_thread_in_native, id=21848, stack(0x000000001d830000,0x000000001d930000)]
  0x000000001c0c0000 JavaThread "C2 CompilerThread0" daemon [_thread_in_native, id=6576, stack(0x000000001d730000,0x000000001d830000)]
  0x000000001c0be800 JavaThread "Attach Listener" daemon [_thread_blocked, id=18128, stack(0x000000001d630000,0x000000001d730000)]
  0x000000001c0bb800 JavaThread "Signal Dispatcher" daemon [_thread_blocked, id=6560, stack(0x000000001d530000,0x000000001d630000)]
  0x000000001c09b000 JavaThread "Finalizer" daemon [_thread_blocked, id=11940, stack(0x000000001d330000,0x000000001d430000)]
  0x000000001c09a000 JavaThread "Reference Handler" daemon [_thread_blocked, id=10564, stack(0x000000001d230000,0x000000001d330000)]
  0x0000000002985800 JavaThread "main" [_thread_blocked, id=21556, stack(0x0000000002880000,0x0000000002980000)]

Other Threads:
  0x000000001c077800 VMThread [stack: 0x000000001d130000,0x000000001d230000] [id=23260]
  0x000000001c10d800 WatcherThread [stack: 0x000000001df30000,0x000000001e030000] [id=18892]

VM state:not at safepoint (normal execution)

VM Mutex/Monitor currently owned by a thread: None

heap address: 0x00000006c1a00000, size: 4070 MB, Compressed Oops mode: Zero based, Oop shift amount: 3
Narrow klass base: 0x0000000000000000, Narrow klass shift: 3
Compressed class space size: 1073741824 Address: 0x00000007c0000000

Heap:
 PSYoungGen      total 211968K, used 96488K [0x000000076b380000, 0x0000000778f80000, 0x00000007c0000000)
  eden space 198656K, 41% used [0x000000076b380000,0x00000007704bc578,0x0000000777580000)
  from space 13312K, 99% used [0x0000000777580000,0x000000077827dca8,0x0000000778280000)
  to   space 12800K, 0% used [0x0000000778300000,0x0000000778300000,0x0000000778f80000)
 ParOldGen       total 153600K, used 15365K [0x00000006c1a00000, 0x00000006cb000000, 0x000000076b380000)
  object space 153600K, 10% used [0x00000006c1a00000,0x00000006c29015b8,0x00000006cb000000)
 Metaspace       used 55339K, capacity 58380K, committed 58624K, reserved 1099776K
  class space    used 7663K, capacity 8184K, committed 8192K, reserved 1048576K

Card table byte_map: [0x0000000011e40000,0x0000000012640000] byte_map_base: 0x000000000e833000

Marking Bits: (ParMarkBitMap*) 0x0000000074af4ce0
 Begin Bits: [0x0000000012f90000, 0x0000000016f28000)
 End Bits:   [0x0000000016f28000, 0x000000001aec0000)

Polling page: 0x0000000000f40000

CodeCache: size=245760Kb used=13515Kb max_used=14234Kb free=232244Kb
 bounds [0x0000000002a80000, 0x00000000038b0000, 0x0000000011a80000]
 total_blobs=4361 nmethods=3842 adapters=431
 compilation: enabled

Compilation events (10 events):
Event: 10.934 Thread 0x000000001c0cf000 4325       2       org.springframework.context.event.EventListenerMethodProcessor::lambda$processBean$0 (10 bytes)
Event: 10.934 Thread 0x000000001c0cf000 nmethod 4325 0x00000000032850d0 code [0x0000000003285240, 0x00000000032853e8]
Event: 10.935 Thread 0x000000001c0cf000 4322       2       org.springframework.core.MethodIntrospector$$Lambda$738/1697436373::doWith (17 bytes)
Event: 10.935 Thread 0x000000001c0cf000 nmethod 4322 0x0000000003284d10 code [0x0000000003284e80, 0x0000000003285028]
Event: 10.935 Thread 0x000000001c0cf000 4326       1       org.springframework.core.annotation.AnnotationsProcessor::finish (2 bytes)
Event: 10.936 Thread 0x000000001c0cf000 nmethod 4326 0x0000000002d6d150 code [0x0000000002d6d2a0, 0x0000000002d6d3b0]
Event: 10.942 Thread 0x000000001c0cf000 4327   !   2       com.sun.proxy.$Proxy20::annotationType (29 bytes)
Event: 10.943 Thread 0x000000001c0cf000 nmethod 4327 0x0000000003284750 code [0x00000000032848e0, 0x0000000003284b98]
Event: 10.946 Thread 0x000000001c0cf000 4332       2       sun.invoke.util.Wrapper::isDoubleWord (15 bytes)
Event: 10.946 Thread 0x000000001c0cf000 nmethod 4332 0x0000000003284410 code [0x0000000003284560, 0x00000000032846d0]

GC Heap History (10 events):
Event: 2.661 GC heap before
{Heap before GC invocations=5 (full 1):
 PSYoungGen      total 141824K, used 6922K [0x000000076b380000, 0x0000000774880000, 0x00000007c0000000)
  eden space 131072K, 0% used [0x000000076b380000,0x000000076b380000,0x0000000773380000)
  from space 10752K, 64% used [0x0000000773e00000,0x00000007744c2a08,0x0000000774880000)
  to   space 10752K, 0% used [0x0000000773380000,0x0000000773380000,0x0000000773e00000)
 ParOldGen       total 175104K, used 24K [0x00000006c1a00000, 0x00000006cc500000, 0x000000076b380000)
  object space 175104K, 0% used [0x00000006c1a00000,0x00000006c1a06000,0x00000006cc500000)
 Metaspace       used 20271K, capacity 21154K, committed 21296K, reserved 1067008K
  class space    used 2642K, capacity 2857K, committed 2944K, reserved 1048576K
Event: 2.728 GC heap after
Heap after GC invocations=5 (full 1):
 PSYoungGen      total 141824K, used 0K [0x000000076b380000, 0x0000000774880000, 0x00000007c0000000)
  eden space 131072K, 0% used [0x000000076b380000,0x000000076b380000,0x0000000773380000)
  from space 10752K, 0% used [0x0000000773e00000,0x0000000773e00000,0x0000000774880000)
  to   space 10752K, 0% used [0x0000000773380000,0x0000000773380000,0x0000000773e00000)
 ParOldGen       total 101888K, used 6719K [0x00000006c1a00000, 0x00000006c7d80000, 0x000000076b380000)
  object space 101888K, 6% used [0x00000006c1a00000,0x00000006c208fcb0,0x00000006c7d80000)
 Metaspace       used 20271K, capacity 21154K, committed 21296K, reserved 1067008K
  class space    used 2642K, capacity 2857K, committed 2944K, reserved 1048576K
}
Event: 5.554 GC heap before
{Heap before GC invocations=6 (full 1):
 PSYoungGen      total 141824K, used 131072K [0x000000076b380000, 0x0000000774880000, 0x00000007c0000000)
  eden space 131072K, 100% used [0x000000076b380000,0x0000000773380000,0x0000000773380000)
  from space 10752K, 0% used [0x0000000773e00000,0x0000000773e00000,0x0000000774880000)
  to   space 10752K, 0% used [0x0000000773380000,0x0000000773380000,0x0000000773e00000)
 ParOldGen       total 101888K, used 6719K [0x00000006c1a00000, 0x00000006c7d80000, 0x000000076b380000)
  object space 101888K, 6% used [0x00000006c1a00000,0x00000006c208fcb0,0x00000006c7d80000)
 Metaspace       used 30946K, capacity 32924K, committed 33280K, reserved 1077248K
  class space    used 4153K, capacity 4499K, committed 4608K, reserved 1048576K
Event: 5.581 GC heap after
Heap after GC invocations=6 (full 1):
 PSYoungGen      total 141824K, used 10750K [0x000000076b380000, 0x0000000779080000, 0x00000007c0000000)
  eden space 131072K, 0% used [0x000000076b380000,0x000000076b380000,0x0000000773380000)
  from space 10752K, 99% used [0x0000000773380000,0x0000000773dffaa0,0x0000000773e00000)
  to   space 13824K, 0% used [0x0000000778300000,0x0000000778300000,0x0000000779080000)
 ParOldGen       total 101888K, used 10198K [0x00000006c1a00000, 0x00000006c7d80000, 0x000000076b380000)
  object space 101888K, 10% used [0x00000006c1a00000,0x00000006c23f5828,0x00000006c7d80000)
 Metaspace       used 30946K, capacity 32924K, committed 33280K, reserved 1077248K
  class space    used 4153K, capacity 4499K, committed 4608K, reserved 1048576K
}
Event: 6.086 GC heap before
{Heap before GC invocations=7 (full 1):
 PSYoungGen      total 141824K, used 23883K [0x000000076b380000, 0x0000000779080000, 0x00000007c0000000)
  eden space 131072K, 10% used [0x000000076b380000,0x000000076c0534f0,0x0000000773380000)
  from space 10752K, 99% used [0x0000000773380000,0x0000000773dffaa0,0x0000000773e00000)
  to   space 13824K, 0% used [0x0000000778300000,0x0000000778300000,0x0000000779080000)
 ParOldGen       total 101888K, used 10198K [0x00000006c1a00000, 0x00000006c7d80000, 0x000000076b380000)
  object space 101888K, 10% used [0x00000006c1a00000,0x00000006c23f5828,0x00000006c7d80000)
 Metaspace       used 33365K, capacity 35316K, committed 35496K, reserved 1079296K
  class space    used 4415K, capacity 4759K, committed 4864K, reserved 1048576K
Event: 6.099 GC heap after
Heap after GC invocations=7 (full 1):
 PSYoungGen      total 211456K, used 7381K [0x000000076b380000, 0x0000000778f80000, 0x00000007c0000000)
  eden space 198656K, 0% used [0x000000076b380000,0x000000076b380000,0x0000000777580000)
  from space 12800K, 57% used [0x0000000778300000,0x0000000778a354f0,0x0000000778f80000)
  to   space 13312K, 0% used [0x0000000777580000,0x0000000777580000,0x0000000778280000)
 ParOldGen       total 101888K, used 10206K [0x00000006c1a00000, 0x00000006c7d80000, 0x000000076b380000)
  object space 101888K, 10% used [0x00000006c1a00000,0x00000006c23f7828,0x00000006c7d80000)
 Metaspace       used 33365K, capacity 35316K, committed 35496K, reserved 1079296K
  class space    used 4415K, capacity 4759K, committed 4864K, reserved 1048576K
}
Event: 6.099 GC heap before
{Heap before GC invocations=8 (full 2):
 PSYoungGen      total 211456K, used 7381K [0x000000076b380000, 0x0000000778f80000, 0x00000007c0000000)
  eden space 198656K, 0% used [0x000000076b380000,0x000000076b380000,0x0000000777580000)
  from space 12800K, 57% used [0x0000000778300000,0x0000000778a354f0,0x0000000778f80000)
  to   space 13312K, 0% used [0x0000000777580000,0x0000000777580000,0x0000000778280000)
 ParOldGen       total 101888K, used 10206K [0x00000006c1a00000, 0x00000006c7d80000, 0x000000076b380000)
  object space 101888K, 10% used [0x00000006c1a00000,0x00000006c23f7828,0x00000006c7d80000)
 Metaspace       used 33365K, capacity 35316K, committed 35496K, reserved 1079296K
  class space    used 4415K, capacity 4759K, committed 4864K, reserved 1048576K
Event: 6.166 GC heap after
Heap after GC invocations=8 (full 2):
 PSYoungGen      total 211456K, used 0K [0x000000076b380000, 0x0000000778f80000, 0x00000007c0000000)
  eden space 198656K, 0% used [0x000000076b380000,0x000000076b380000,0x0000000777580000)
  from space 12800K, 0% used [0x0000000778300000,0x0000000778300000,0x0000000778f80000)
  to   space 13312K, 0% used [0x0000000777580000,0x0000000777580000,0x0000000778280000)
 ParOldGen       total 153600K, used 12160K [0x00000006c1a00000, 0x00000006cb000000, 0x000000076b380000)
  object space 153600K, 7% used [0x00000006c1a00000,0x00000006c25e03e8,0x00000006cb000000)
 Metaspace       used 33365K, capacity 35316K, committed 35496K, reserved 1079296K
  class space    used 4415K, capacity 4759K, committed 4864K, reserved 1048576K
}
Event: 9.096 GC heap before
{Heap before GC invocations=9 (full 2):
 PSYoungGen      total 211456K, used 198656K [0x000000076b380000, 0x0000000778f80000, 0x00000007c0000000)
  eden space 198656K, 100% used [0x000000076b380000,0x0000000777580000,0x0000000777580000)
  from space 12800K, 0% used [0x0000000778300000,0x0000000778300000,0x0000000778f80000)
  to   space 13312K, 0% used [0x0000000777580000,0x0000000777580000,0x0000000778280000)
 ParOldGen       total 153600K, used 12160K [0x00000006c1a00000, 0x00000006cb000000, 0x000000076b380000)
  object space 153600K, 7% used [0x00000006c1a00000,0x00000006c25e03e8,0x00000006cb000000)
 Metaspace       used 47229K, capacity 49676K, committed 49920K, reserved 1091584K
  class space    used 6392K, capacity 6826K, committed 6912K, reserved 1048576K
Event: 9.117 GC heap after
Heap after GC invocations=9 (full 2):
 PSYoungGen      total 211968K, used 13303K [0x000000076b380000, 0x0000000778f80000, 0x00000007c0000000)
  eden space 198656K, 0% used [0x000000076b380000,0x000000076b380000,0x0000000777580000)
  from space 13312K, 99% used [0x0000000777580000,0x000000077827dca8,0x0000000778280000)
  to   space 12800K, 0% used [0x0000000778300000,0x0000000778300000,0x0000000778f80000)
 ParOldGen       total 153600K, used 15365K [0x00000006c1a00000, 0x00000006cb000000, 0x000000076b380000)
  object space 153600K, 10% used [0x00000006c1a00000,0x00000006c29015b8,0x00000006cb000000)
 Metaspace       used 47229K, capacity 49676K, committed 49920K, reserved 1091584K
  class space    used 6392K, capacity 6826K, committed 6912K, reserved 1048576K
}

Deoptimization events (10 events):
Event: 10.599 Thread 0x000000001e741800 Uncommon trap: reason=class_check action=maybe_recompile pc=0x00000000038195e0 method=java.net.URLStreamHandler.parseURL(Ljava/net/URL;Ljava/lang/String;II)V @ 1189
Event: 10.622 Thread 0x000000001e741800 Uncommon trap: reason=unstable_if action=reinterpret pc=0x00000000030bef68 method=org.springframework.beans.factory.support.AbstractBeanFactory.isTypeMatch(Ljava/lang/String;Lorg/springframework/core/ResolvableType;Z)Z @ 34
Event: 10.671 Thread 0x000000001e741800 Uncommon trap: reason=unstable_if action=reinterpret pc=0x000000000322fabc method=java.util.concurrent.ConcurrentHashMap.transfer([Ljava/util/concurrent/ConcurrentHashMap$Node;[Ljava/util/concurrent/ConcurrentHashMap$Node;)V @ 356
Event: 10.672 Thread 0x000000001e741800 Uncommon trap: reason=unstable_if action=reinterpret pc=0x0000000002fab1c8 method=java.util.concurrent.ConcurrentHashMap.transfer([Ljava/util/concurrent/ConcurrentHashMap$Node;[Ljava/util/concurrent/ConcurrentHashMap$Node;)V @ 356
Event: 10.673 Thread 0x000000001e741800 Uncommon trap: reason=unstable_if action=reinterpret pc=0x0000000002f0cf28 method=java.util.concurrent.ConcurrentHashMap.transfer([Ljava/util/concurrent/ConcurrentHashMap$Node;[Ljava/util/concurrent/ConcurrentHashMap$Node;)V @ 356
Event: 10.728 Thread 0x000000001e741800 Uncommon trap: reason=unstable_if action=reinterpret pc=0x0000000003418ab4 method=org.springframework.beans.factory.support.DefaultSingletonBeanRegistry.getSingleton(Ljava/lang/String;Z)Ljava/lang/Object; @ 39
Event: 10.750 Thread 0x000000001e741800 Uncommon trap: reason=class_check action=maybe_recompile pc=0x0000000002e40060 method=org.springframework.boot.context.properties.source.ConfigurationPropertyName$Elements.charAt(II)C @ 43
Event: 10.750 Thread 0x000000001e741800 Uncommon trap: reason=class_check action=maybe_recompile pc=0x0000000002e40060 method=org.springframework.boot.context.properties.source.ConfigurationPropertyName$Elements.charAt(II)C @ 43
Event: 10.772 Thread 0x000000001e741800 Uncommon trap: reason=null_check action=make_not_entrant pc=0x000000000324c3e8 method=org.springframework.util.ClassUtils.isAssignable(Ljava/lang/Class;Ljava/lang/Class;)Z @ 14
Event: 10.878 Thread 0x000000001e741800 Uncommon trap: reason=unstable_if action=reinterpret pc=0x0000000003255220 method=org.springframework.beans.factory.support.AbstractBeanDefinition.isLazyInit()Z @ 14

Classes redefined (0 events):
No events

Internal exceptions (10 events):
Event: 10.135 Thread 0x000000001e741800 Exception <a 'java/lang/ClassNotFoundException': org/springframework/web/servlet/config/annotation/WebMvcConfigurationSupportCustomizer> (0x000000076d952818) thrown at [C:\re\workspace\8-2-build-windows-amd64-cygwin\jdk8u201\12322\hotspot\src\share\vm\cla
Event: 10.136 Thread 0x000000001e741800 Exception <a 'java/lang/ClassNotFoundException': org/springframework/web/servlet/config/annotation/DelegatingWebMvcConfigurationCustomizer> (0x000000076d9881f0) thrown at [C:\re\workspace\8-2-build-windows-amd64-cygwin\jdk8u201\12322\hotspot\src\share\vm\
Event: 10.138 Thread 0x000000001e741800 Exception <a 'java/lang/ClassNotFoundException': org/springframework/boot/autoconfigure/web/servlet/WebMvcAutoConfiguration$EnableWebMvcConfigurationCustomizer> (0x000000076d9b1068) thrown at [C:\re\workspace\8-2-build-windows-amd64-cygwin\jdk8u201\12322\
Event: 10.141 Thread 0x000000001e741800 Exception <a 'java/lang/ClassNotFoundException': org/springframework/context/ResourceLoaderAwareCustomizer> (0x000000076d9de250) thrown at [C:\re\workspace\8-2-build-windows-amd64-cygwin\jdk8u201\12322\hotspot\src\share\vm\classfile\systemDictionary.cpp, 
Event: 10.142 Thread 0x000000001e741800 Exception <a 'java/lang/ClassNotFoundException': org/springframework/beans/factory/AwareCustomizer> (0x000000076d9f2e50) thrown at [C:\re\workspace\8-2-build-windows-amd64-cygwin\jdk8u201\12322\hotspot\src\share\vm\classfile\systemDictionary.cpp, line 210
Event: 10.142 Thread 0x000000001e741800 Exception <a 'java/lang/ClassNotFoundException': org/springframework/context/ApplicationContextAwareCustomizer> (0x000000076da09e40) thrown at [C:\re\workspace\8-2-build-windows-amd64-cygwin\jdk8u201\12322\hotspot\src\share\vm\classfile\systemDictionary.c
Event: 10.143 Thread 0x000000001e741800 Exception <a 'java/lang/ClassNotFoundException': org/springframework/beans/factory/AwareCustomizer> (0x000000076da1f048) thrown at [C:\re\workspace\8-2-build-windows-amd64-cygwin\jdk8u201\12322\hotspot\src\share\vm\classfile\systemDictionary.cpp, line 210
Event: 10.143 Thread 0x000000001e741800 Exception <a 'java/lang/ClassNotFoundException': org/springframework/web/context/ServletContextAwareCustomizer> (0x000000076da35fd8) thrown at [C:\re\workspace\8-2-build-windows-amd64-cygwin\jdk8u201\12322\hotspot\src\share\vm\classfile\systemDictionary.c
Event: 10.144 Thread 0x000000001e741800 Exception <a 'java/lang/ClassNotFoundException': org/springframework/beans/factory/AwareCustomizer> (0x000000076da4ac50) thrown at [C:\re\workspace\8-2-build-windows-amd64-cygwin\jdk8u201\12322\hotspot\src\share\vm\classfile\systemDictionary.cpp, line 210
Event: 10.632 Thread 0x000000001e741800 Exception <a 'java/lang/IncompatibleClassChangeError': Found class java.lang.Object, but interface was expected> (0x000000076efd16a0) thrown at [C:\re\workspace\8-2-build-windows-amd64-cygwin\jdk8u201\12322\hotspot\src\share\vm\interpreter\linkResolver.cp

Events (10 events):
Event: 10.996 loading class org/apache/jasper/compiler/Node$Visitor
Event: 10.996 loading class org/apache/jasper/compiler/Node$Visitor done
Event: 10.996 loading class org/apache/jasper/compiler/TagPluginManager$NodeVisitor
Event: 10.996 loading class org/apache/jasper/compiler/TagPluginManager$NodeVisitor done
Event: 10.997 loading class org/apache/jasper/compiler/tagplugin/TagPluginContext
Event: 10.997 loading class org/apache/jasper/compiler/tagplugin/TagPluginContext done
Event: 10.999 loading class org/apache/jasper/servlet/JspCServletContext
Event: 10.999 loading class org/apache/jasper/servlet/JspCServletContext done
Event: 11.001 loading class org/apache/catalina/ContainerEvent
Event: 11.001 loading class org/apache/catalina/ContainerEvent done


Dynamic libraries:
0x00007ff6732e0000 - 0x00007ff673317000 	C:\Program Files\Java\jdk1.8.0_201\bin\javaw.exe
0x00007ffad6c30000 - 0x00007ffad6e25000 	C:\WINDOWS\SYSTEM32\ntdll.dll
0x00007ffad5450000 - 0x00007ffad550e000 	C:\WINDOWS\System32\KERNEL32.DLL
0x00007ffad4650000 - 0x00007ffad4918000 	C:\WINDOWS\System32\KERNELBASE.dll
0x00007ffad5760000 - 0x00007ffad580e000 	C:\WINDOWS\System32\ADVAPI32.dll
0x00007ffad58e0000 - 0x00007ffad597e000 	C:\WINDOWS\System32\msvcrt.dll
0x00007ffad6000000 - 0x00007ffad609c000 	C:\WINDOWS\System32\sechost.dll
0x00007ffad5ed0000 - 0x00007ffad5ff5000 	C:\WINDOWS\System32\RPCRT4.dll
0x00007ffad5d30000 - 0x00007ffad5ed0000 	C:\WINDOWS\System32\USER32.dll
0x00007ffad4570000 - 0x00007ffad4592000 	C:\WINDOWS\System32\win32u.dll
0x00007ffad5680000 - 0x00007ffad56aa000 	C:\WINDOWS\System32\GDI32.dll
0x00007ffad4b80000 - 0x00007ffad4c8b000 	C:\WINDOWS\System32\gdi32full.dll
0x00007ffad43a0000 - 0x00007ffad443d000 	C:\WINDOWS\System32\msvcp_win.dll
0x00007ffad4470000 - 0x00007ffad4570000 	C:\WINDOWS\System32\ucrtbase.dll
0x00007ffac69d0000 - 0x00007ffac6c6a000 	C:\WINDOWS\WinSxS\amd64_microsoft.windows.common-controls_6595b64144ccf1df_6.0.19041.1110_none_60b5254171f9507e\COMCTL32.dll
0x00007ffad6400000 - 0x00007ffad6430000 	C:\WINDOWS\System32\IMM32.DLL
0x0000000074b80000 - 0x0000000074c51000 	C:\Program Files\Java\jdk1.8.0_201\jre\bin\msvcr100.dll
0x00000000742d0000 - 0x0000000074b74000 	C:\Program Files\Java\jdk1.8.0_201\jre\bin\server\jvm.dll
0x00007ffad5440000 - 0x00007ffad5448000 	C:\WINDOWS\System32\PSAPI.DLL
0x00007ffac1b30000 - 0x00007ffac1b39000 	C:\WINDOWS\SYSTEM32\WSOCK32.dll
0x00007ffaca010000 - 0x00007ffaca037000 	C:\WINDOWS\SYSTEM32\WINMM.dll
0x00007ffad5810000 - 0x00007ffad587b000 	C:\WINDOWS\System32\WS2_32.dll
0x00007ffaca460000 - 0x00007ffaca46a000 	C:\WINDOWS\SYSTEM32\VERSION.dll
0x00007ffacfbd0000 - 0x00007ffacfbdf000 	C:\Program Files\Java\jdk1.8.0_201\jre\bin\verify.dll
0x00007ffacf7a0000 - 0x00007ffacf7c9000 	C:\Program Files\Java\jdk1.8.0_201\jre\bin\java.dll
0x00007ffaceac0000 - 0x00007ffacead6000 	C:\Program Files\Java\jdk1.8.0_201\jre\bin\zip.dll
0x00007ffad4cf0000 - 0x00007ffad5434000 	C:\WINDOWS\System32\SHELL32.dll
0x00007ffad2470000 - 0x00007ffad2c04000 	C:\WINDOWS\SYSTEM32\windows.storage.dll
0x00007ffad60a0000 - 0x00007ffad63f4000 	C:\WINDOWS\System32\combase.dll
0x00007ffad3dc0000 - 0x00007ffad3dec000 	C:\WINDOWS\SYSTEM32\Wldp.dll
0x00007ffad5c80000 - 0x00007ffad5d2d000 	C:\WINDOWS\System32\SHCORE.dll
0x00007ffad5510000 - 0x00007ffad5565000 	C:\WINDOWS\System32\shlwapi.dll
0x00007ffad4290000 - 0x00007ffad42af000 	C:\WINDOWS\SYSTEM32\profapi.dll
0x00007ffacf6d0000 - 0x00007ffacf6dd000 	C:\Program Files\Java\jdk1.8.0_201\jre\bin\management.dll
0x00007ffacbfa0000 - 0x00007ffacbfba000 	C:\Program Files\Java\jdk1.8.0_201\jre\bin\net.dll
0x00007ffac4f80000 - 0x00007ffac516c000 	C:\WINDOWS\SYSTEM32\urlmon.dll
0x00007ffac9630000 - 0x00007ffac98e1000 	C:\WINDOWS\SYSTEM32\iertutil.dll
0x00007ffac4750000 - 0x00007ffac4778000 	C:\WINDOWS\SYSTEM32\srvcli.dll
0x00007ffad3920000 - 0x00007ffad392c000 	C:\WINDOWS\SYSTEM32\netutils.dll
0x00007ffad3b20000 - 0x00007ffad3b8a000 	C:\WINDOWS\system32\mswsock.dll
0x00007ffabe1a0000 - 0x00007ffabe1b7000 	C:\WINDOWS\system32\napinsp.dll
0x00007ffabe180000 - 0x00007ffabe19b000 	C:\WINDOWS\system32\pnrpnsp.dll
0x00007ffabe160000 - 0x00007ffabe175000 	C:\WINDOWS\system32\wshbth.dll
0x00007ffacfb10000 - 0x00007ffacfb2d000 	C:\WINDOWS\system32\NLAapi.dll
0x00007ffad37c0000 - 0x00007ffad37fb000 	C:\WINDOWS\SYSTEM32\IPHLPAPI.DLL
0x00007ffad3800000 - 0x00007ffad38cb000 	C:\WINDOWS\SYSTEM32\DNSAPI.dll
0x00007ffad5ac0000 - 0x00007ffad5ac8000 	C:\WINDOWS\System32\NSI.dll
0x00007ffabe140000 - 0x00007ffabe152000 	C:\WINDOWS\System32\winrnr.dll
0x00007ffacba80000 - 0x00007ffacba8a000 	C:\Windows\System32\rasadhlp.dll
0x00007ffacbc00000 - 0x00007ffacbc7f000 	C:\WINDOWS\System32\fwpuclnt.dll
0x00007ffad4440000 - 0x00007ffad4467000 	C:\WINDOWS\System32\bcrypt.dll
0x00007ffac4500000 - 0x00007ffac4511000 	C:\Program Files\Java\jdk1.8.0_201\jre\bin\nio.dll
0x00007ffad3d10000 - 0x00007ffad3d28000 	C:\WINDOWS\SYSTEM32\CRYPTSP.dll
0x00007ffad3430000 - 0x00007ffad3464000 	C:\WINDOWS\system32\rsaenh.dll
0x00007ffad4210000 - 0x00007ffad423e000 	C:\WINDOWS\SYSTEM32\USERENV.dll
0x00007ffad4920000 - 0x00007ffad49a2000 	C:\WINDOWS\System32\bcryptprimitives.dll
0x00007ffad3d30000 - 0x00007ffad3d3c000 	C:\WINDOWS\SYSTEM32\CRYPTBASE.dll
0x00007ffacda20000 - 0x00007ffacda37000 	C:\WINDOWS\SYSTEM32\dhcpcsvc6.DLL
0x00007ffacdbc0000 - 0x00007ffacdbdd000 	C:\WINDOWS\SYSTEM32\dhcpcsvc.DLL
0x00007ffabfd50000 - 0x00007ffabfd74000 	C:\Program Files\Java\jdk1.8.0_201\jre\bin\sunec.dll
0x00007ffacabf0000 - 0x00007ffacabfb000 	C:\Program Files\Java\jdk1.8.0_201\jre\bin\sunmscapi.dll
0x00007ffad4a20000 - 0x00007ffad4b76000 	C:\WINDOWS\System32\CRYPT32.dll

VM Arguments:
jvm_args: -Dfile.encoding=UTF-8 
java_command: numberseries.findnextnumberinseries.FindNextNumberInSeriesApplication
java_class_path (initial): C:\Users\Nagendra\git\nextnum\find-next-number-in-series\target\classes;C:\Users\Nagendra\.m2\repository\org\springframework\boot\spring-boot-starter-data-jpa\2.6.6\spring-boot-starter-data-jpa-2.6.6.jar;C:\Users\Nagendra\.m2\repository\org\springframework\boot\spring-boot-starter-aop\2.6.6\spring-boot-starter-aop-2.6.6.jar;C:\Users\Nagendra\.m2\repository\org\springframework\spring-aop\5.3.18\spring-aop-5.3.18.jar;C:\Users\Nagendra\.m2\repository\org\aspectj\aspectjweaver\1.9.7\aspectjweaver-1.9.7.jar;C:\Users\Nagendra\.m2\repository\org\springframework\boot\spring-boot-starter-jdbc\2.6.6\spring-boot-starter-jdbc-2.6.6.jar;C:\Users\Nagendra\.m2\repository\com\zaxxer\HikariCP\4.0.3\HikariCP-4.0.3.jar;C:\Users\Nagendra\.m2\repository\org\springframework\spring-jdbc\5.3.18\spring-jdbc-5.3.18.jar;C:\Users\Nagendra\.m2\repository\jakarta\transaction\jakarta.transaction-api\1.3.3\jakarta.transaction-api-1.3.3.jar;C:\Users\Nagendra\.m2\repository\jakarta\persistence\jakarta.persistence-api\2.2.3\jakarta.persistence-api-2.2.3.jar;C:\Users\Nagendra\.m2\repository\org\hibernate\hibernate-core\5.6.7.Final\hibernate-core-5.6.7.Final.jar;C:\Users\Nagendra\.m2\repository\org\jboss\logging\jboss-logging\3.4.3.Final\jboss-logging-3.4.3.Final.jar;C:\Users\Nagendra\.m2\repository\net\bytebuddy\byte-buddy\1.11.22\byte-buddy-1.11.22.jar;C:\Users\Nagendra\.m2\repository\antlr\antlr\2.7.7\antlr-2.7.7.jar;C:\Users\Nagendra\.m2\repository\org\jboss\jandex\2.4.2.Final\jandex-2.4.2.Final.jar;C:\Users\Nagendra\.m2\repository\com\fasterxml\classmate\1.5.1\classmate-1.5.1.jar;C:\Users\Nagendra\.m2\repository\org\hibernate\common\hibernate-commons-annotations\5.1.2.Final\hibernate-commons-annotations-5.1.2.Final.jar;C:\Users\Nagendra\.m2\repository\org\glassfish\jaxb\jaxb-runtime\2.3.6\jaxb-runtime-2.3.6.jar;C:\Users\Nagendra\.m2\repository\org\glassfish\jaxb\txw2\2.3.6\txw2-2.3.6.jar;C:\Users\Nagendra\.m2\repository\com\sun\istack\istack-commons-runtime\3.0.12\ista
Launcher Type: SUN_STANDARD

Environment Variables:
JAVA_HOME=C:\Program Files\Java\jdk1.8.0_201
PATH=G:/fullstacksofftware/eclipse//plugins/org.eclipse.justj.openjdk.hotspot.jre.full.win32.x86_64_15.0.2.v20210201-0955/jre/bin/server;G:/fullstacksofftware/eclipse//plugins/org.eclipse.justj.openjdk.hotspot.jre.full.win32.x86_64_15.0.2.v20210201-0955/jre/bin;C:\Program Files (x86)\Common Files\Oracle\Java\javapath;C:\WINDOWS\system32;C:\WINDOWS;C:\WINDOWS\System32\Wbem;C:\WINDOWS\System32\WindowsPowerShell\v1.0\;C:\WINDOWS\System32\OpenSSH\;C:\Selenium\apache-maven-3.6.1\bin;C:\Program Files\Java\jdk1.8.0_201\bin;C:\Program Files\Git\cmd;C:\Program Files\MySQL\MySQL Shell 8.0\bin\;C:\Users\Nagendra\AppData\Local\Microsoft\WindowsApps;G:\CEH\Nmap;D:\Microsoft VS Code\bin;C:\Users\Nagendra\AppData\Local\GitHubDesktop\bin;G:\software;;G:\fullstacksofftware\eclipse;
USERNAME=Nagendra
OS=Windows_NT
PROCESSOR_IDENTIFIER=Intel64 Family 6 Model 69 Stepping 1, GenuineIntel



---------------  S Y S T E M  ---------------

OS: Windows 10.0 , 64 bit Build 19041 (10.0.19041.1645)

CPU:total 4 (initial active 4) (2 cores per cpu, 2 threads per core) family 6 model 69 stepping 1, cmov, cx8, fxsr, mmx, sse, sse2, sse3, ssse3, sse4.1, sse4.2, popcnt, avx, avx2, aes, clmul, erms, lzcnt, ht, tsc, tscinvbit, bmi1, bmi2

Memory: 4k page, physical 16666904k(7749272k free), swap 55917160k(5472k free)

vm_info: Java HotSpot(TM) 64-Bit Server VM (25.201-b09) for windows-amd64 JRE (1.8.0_201-b09), built on Dec 15 2018 18:36:39 by "java_re" with MS VC++ 10.0 (VS2010)

time: Fri Apr 29 14:21:39 2022
timezone: Eastern Daylight Time
elapsed time: 11 seconds (0d 0h 0m 11s)

